This is pdfTeX, Version 3.14159265-2.6-1.40.21 (TeX Live 2020) (preloaded format=pdflatex 2020.4.7)  6 OCT 2020 10:38
entering extended mode
 restricted \write18 enabled.
 file:line:error style messages enabled.
 %&-line parsing enabled.
**chirp_radiance_offset.tex
(./chirp_radiance_offset.tex
LaTeX2e <2020-02-02> patch level 5
L3 programming layer <2020-03-06>
(/usr/local/texlive/2020/texmf-dist/tex/latex/beamer/beamer.cls
Document Class: beamer 2020/05/06 v3.58 A class for typesetting presentations
(/usr/local/texlive/2020/texmf-dist/tex/latex/beamer/beamerbasemodes.sty
(/usr/local/texlive/2020/texmf-dist/tex/latex/etoolbox/etoolbox.sty
Package: etoolbox 2019/09/21 v2.5h e-TeX tools for LaTeX (JAW)
\etb@tempcnta=\count167
)
\beamer@tempbox=\box45
\beamer@tempcount=\count168
\c@beamerpauses=\count169

(/usr/local/texlive/2020/texmf-dist/tex/latex/beamer/beamerbasedecode.sty
\beamer@slideinframe=\count170
\beamer@minimum=\count171
\beamer@decode@box=\box46
)
\beamer@commentbox=\box47
\beamer@modecount=\count172
)
(/usr/local/texlive/2020/texmf-dist/tex/generic/iftex/ifpdf.sty
Package: ifpdf 2019/10/25 v3.4 ifpdf legacy package. Use iftex instead.

(/usr/local/texlive/2020/texmf-dist/tex/generic/iftex/iftex.sty
Package: iftex 2020/03/06 v1.0d TeX engine tests
))
\headdp=\dimen134
\footheight=\dimen135
\sidebarheight=\dimen136
\beamer@tempdim=\dimen137
\beamer@finalheight=\dimen138
\beamer@animht=\dimen139
\beamer@animdp=\dimen140
\beamer@animwd=\dimen141
\beamer@leftmargin=\dimen142
\beamer@rightmargin=\dimen143
\beamer@leftsidebar=\dimen144
\beamer@rightsidebar=\dimen145
\beamer@boxsize=\dimen146
\beamer@vboxoffset=\dimen147
\beamer@descdefault=\dimen148
\beamer@descriptionwidth=\dimen149
\beamer@lastskip=\skip47
\beamer@areabox=\box48
\beamer@animcurrent=\box49
\beamer@animshowbox=\box50
\beamer@sectionbox=\box51
\beamer@logobox=\box52
\beamer@linebox=\box53
\beamer@sectioncount=\count173
\beamer@subsubsectionmax=\count174
\beamer@subsectionmax=\count175
\beamer@sectionmax=\count176
\beamer@totalheads=\count177
\beamer@headcounter=\count178
\beamer@partstartpage=\count179
\beamer@sectionstartpage=\count180
\beamer@subsectionstartpage=\count181
\beamer@animationtempa=\count182
\beamer@animationtempb=\count183
\beamer@xpos=\count184
\beamer@ypos=\count185
\beamer@ypos@offset=\count186
\beamer@showpartnumber=\count187
\beamer@currentsubsection=\count188
\beamer@coveringdepth=\count189
\beamer@sectionadjust=\count190
\beamer@tocsectionnumber=\count191

(/usr/local/texlive/2020/texmf-dist/tex/latex/beamer/beamerbaseoptions.sty
(/usr/local/texlive/2020/texmf-dist/tex/latex/graphics/keyval.sty
Package: keyval 2014/10/28 v1.15 key=value parser (DPC)
\KV@toks@=\toks15
))
\beamer@paperwidth=\skip48
\beamer@paperheight=\skip49

(/usr/local/texlive/2020/texmf-dist/tex/latex/geometry/geometry.sty
Package: geometry 2020/01/02 v5.9 Page Geometry

(/usr/local/texlive/2020/texmf-dist/tex/generic/iftex/ifvtex.sty
Package: ifvtex 2019/10/25 v1.7 ifvtex legacy package. Use iftex instead.
)
\Gm@cnth=\count192
\Gm@cntv=\count193
\c@Gm@tempcnt=\count194
\Gm@bindingoffset=\dimen150
\Gm@wd@mp=\dimen151
\Gm@odd@mp=\dimen152
\Gm@even@mp=\dimen153
\Gm@layoutwidth=\dimen154
\Gm@layoutheight=\dimen155
\Gm@layouthoffset=\dimen156
\Gm@layoutvoffset=\dimen157
\Gm@dimlist=\toks16
)
(/usr/local/texlive/2020/texmf-dist/tex/latex/base/size10.clo
File: size10.clo 2019/12/20 v1.4l Standard LaTeX file (size option)
)
(/usr/local/texlive/2020/texmf-dist/tex/latex/pgf/basiclayer/pgfcore.sty
(/usr/local/texlive/2020/texmf-dist/tex/latex/graphics/graphicx.sty
Package: graphicx 2019/11/30 v1.2a Enhanced LaTeX Graphics (DPC,SPQR)

(/usr/local/texlive/2020/texmf-dist/tex/latex/graphics/graphics.sty
Package: graphics 2019/11/30 v1.4a Standard LaTeX Graphics (DPC,SPQR)

(/usr/local/texlive/2020/texmf-dist/tex/latex/graphics/trig.sty
Package: trig 2016/01/03 v1.10 sin cos tan (DPC)
)
(/usr/local/texlive/2020/texmf-dist/tex/latex/graphics-cfg/graphics.cfg
File: graphics.cfg 2016/06/04 v1.11 sample graphics configuration
)
Package graphics Info: Driver file: pdftex.def on input line 105.

(/usr/local/texlive/2020/texmf-dist/tex/latex/graphics-def/pdftex.def
File: pdftex.def 2018/01/08 v1.0l Graphics/color driver for pdftex
))
\Gin@req@height=\dimen158
\Gin@req@width=\dimen159
)
(/usr/local/texlive/2020/texmf-dist/tex/latex/pgf/systemlayer/pgfsys.sty
(/usr/local/texlive/2020/texmf-dist/tex/latex/pgf/utilities/pgfrcs.sty
(/usr/local/texlive/2020/texmf-dist/tex/generic/pgf/utilities/pgfutil-common.te
x
\pgfutil@everybye=\toks17
\pgfutil@tempdima=\dimen160
\pgfutil@tempdimb=\dimen161

(/usr/local/texlive/2020/texmf-dist/tex/generic/pgf/utilities/pgfutil-common-li
sts.tex))
(/usr/local/texlive/2020/texmf-dist/tex/generic/pgf/utilities/pgfutil-latex.def
\pgfutil@abb=\box54
(/usr/local/texlive/2020/texmf-dist/tex/latex/ms/everyshi.sty
Package: everyshi 2001/05/15 v3.00 EveryShipout Package (MS)
))
(/usr/local/texlive/2020/texmf-dist/tex/generic/pgf/utilities/pgfrcs.code.tex
(/usr/local/texlive/2020/texmf-dist/tex/generic/pgf/pgf.revision.tex)
Package: pgfrcs 2020/01/08 v3.1.5b (3.1.5b)
))
(/usr/local/texlive/2020/texmf-dist/tex/generic/pgf/systemlayer/pgfsys.code.tex
Package: pgfsys 2020/01/08 v3.1.5b (3.1.5b)
(/usr/local/texlive/2020/texmf-dist/tex/generic/pgf/utilities/pgfkeys.code.tex
\pgfkeys@pathtoks=\toks18
\pgfkeys@temptoks=\toks19

(/usr/local/texlive/2020/texmf-dist/tex/generic/pgf/utilities/pgfkeysfiltered.c
ode.tex
\pgfkeys@tmptoks=\toks20
))
\pgf@x=\dimen162
\pgf@y=\dimen163
\pgf@xa=\dimen164
\pgf@ya=\dimen165
\pgf@xb=\dimen166
\pgf@yb=\dimen167
\pgf@xc=\dimen168
\pgf@yc=\dimen169
\pgf@xd=\dimen170
\pgf@yd=\dimen171
\w@pgf@writea=\write3
\r@pgf@reada=\read2
\c@pgf@counta=\count195
\c@pgf@countb=\count196
\c@pgf@countc=\count197
\c@pgf@countd=\count198
\t@pgf@toka=\toks21
\t@pgf@tokb=\toks22
\t@pgf@tokc=\toks23
\pgf@sys@id@count=\count199

(/usr/local/texlive/2020/texmf-dist/tex/generic/pgf/systemlayer/pgf.cfg
File: pgf.cfg 2020/01/08 v3.1.5b (3.1.5b)
)
Driver file for pgf: pgfsys-pdftex.def

(/usr/local/texlive/2020/texmf-dist/tex/generic/pgf/systemlayer/pgfsys-pdftex.d
ef
File: pgfsys-pdftex.def 2020/01/08 v3.1.5b (3.1.5b)

(/usr/local/texlive/2020/texmf-dist/tex/generic/pgf/systemlayer/pgfsys-common-p
df.def
File: pgfsys-common-pdf.def 2020/01/08 v3.1.5b (3.1.5b)
)))
(/usr/local/texlive/2020/texmf-dist/tex/generic/pgf/systemlayer/pgfsyssoftpath.
code.tex
File: pgfsyssoftpath.code.tex 2020/01/08 v3.1.5b (3.1.5b)
\pgfsyssoftpath@smallbuffer@items=\count266
\pgfsyssoftpath@bigbuffer@items=\count267
)
(/usr/local/texlive/2020/texmf-dist/tex/generic/pgf/systemlayer/pgfsysprotocol.
code.tex
File: pgfsysprotocol.code.tex 2020/01/08 v3.1.5b (3.1.5b)
)) (/usr/local/texlive/2020/texmf-dist/tex/latex/xcolor/xcolor.sty
Package: xcolor 2016/05/11 v2.12 LaTeX color extensions (UK)

(/usr/local/texlive/2020/texmf-dist/tex/latex/graphics-cfg/color.cfg
File: color.cfg 2016/01/02 v1.6 sample color configuration
)
Package xcolor Info: Driver file: pdftex.def on input line 225.
Package xcolor Info: Model `cmy' substituted by `cmy0' on input line 1348.
Package xcolor Info: Model `hsb' substituted by `rgb' on input line 1352.
Package xcolor Info: Model `RGB' extended on input line 1364.
Package xcolor Info: Model `HTML' substituted by `rgb' on input line 1366.
Package xcolor Info: Model `Hsb' substituted by `hsb' on input line 1367.
Package xcolor Info: Model `tHsb' substituted by `hsb' on input line 1368.
Package xcolor Info: Model `HSB' substituted by `hsb' on input line 1369.
Package xcolor Info: Model `Gray' substituted by `gray' on input line 1370.
Package xcolor Info: Model `wave' substituted by `hsb' on input line 1371.
)
(/usr/local/texlive/2020/texmf-dist/tex/generic/pgf/basiclayer/pgfcore.code.tex
Package: pgfcore 2020/01/08 v3.1.5b (3.1.5b)
(/usr/local/texlive/2020/texmf-dist/tex/generic/pgf/math/pgfmath.code.tex
(/usr/local/texlive/2020/texmf-dist/tex/generic/pgf/math/pgfmathcalc.code.tex
(/usr/local/texlive/2020/texmf-dist/tex/generic/pgf/math/pgfmathutil.code.tex)
(/usr/local/texlive/2020/texmf-dist/tex/generic/pgf/math/pgfmathparser.code.tex
\pgfmath@dimen=\dimen172
\pgfmath@count=\count268
\pgfmath@box=\box55
\pgfmath@toks=\toks24
\pgfmath@stack@operand=\toks25
\pgfmath@stack@operation=\toks26
)
(/usr/local/texlive/2020/texmf-dist/tex/generic/pgf/math/pgfmathfunctions.code.
tex
(/usr/local/texlive/2020/texmf-dist/tex/generic/pgf/math/pgfmathfunctions.basic
.code.tex)
(/usr/local/texlive/2020/texmf-dist/tex/generic/pgf/math/pgfmathfunctions.trigo
nometric.code.tex)
(/usr/local/texlive/2020/texmf-dist/tex/generic/pgf/math/pgfmathfunctions.rando
m.code.tex)
(/usr/local/texlive/2020/texmf-dist/tex/generic/pgf/math/pgfmathfunctions.compa
rison.code.tex)
(/usr/local/texlive/2020/texmf-dist/tex/generic/pgf/math/pgfmathfunctions.base.
code.tex)
(/usr/local/texlive/2020/texmf-dist/tex/generic/pgf/math/pgfmathfunctions.round
.code.tex)
(/usr/local/texlive/2020/texmf-dist/tex/generic/pgf/math/pgfmathfunctions.misc.
code.tex)
(/usr/local/texlive/2020/texmf-dist/tex/generic/pgf/math/pgfmathfunctions.integ
erarithmetics.code.tex)))
(/usr/local/texlive/2020/texmf-dist/tex/generic/pgf/math/pgfmathfloat.code.tex
\c@pgfmathroundto@lastzeros=\count269
)) (/usr/local/texlive/2020/texmf-dist/tex/generic/pgf/math/pgfint.code.tex)
(/usr/local/texlive/2020/texmf-dist/tex/generic/pgf/basiclayer/pgfcorepoints.co
de.tex
File: pgfcorepoints.code.tex 2020/01/08 v3.1.5b (3.1.5b)
\pgf@picminx=\dimen173
\pgf@picmaxx=\dimen174
\pgf@picminy=\dimen175
\pgf@picmaxy=\dimen176
\pgf@pathminx=\dimen177
\pgf@pathmaxx=\dimen178
\pgf@pathminy=\dimen179
\pgf@pathmaxy=\dimen180
\pgf@xx=\dimen181
\pgf@xy=\dimen182
\pgf@yx=\dimen183
\pgf@yy=\dimen184
\pgf@zx=\dimen185
\pgf@zy=\dimen186
)
(/usr/local/texlive/2020/texmf-dist/tex/generic/pgf/basiclayer/pgfcorepathconst
ruct.code.tex
File: pgfcorepathconstruct.code.tex 2020/01/08 v3.1.5b (3.1.5b)
\pgf@path@lastx=\dimen187
\pgf@path@lasty=\dimen188
)
(/usr/local/texlive/2020/texmf-dist/tex/generic/pgf/basiclayer/pgfcorepathusage
.code.tex
File: pgfcorepathusage.code.tex 2020/01/08 v3.1.5b (3.1.5b)
\pgf@shorten@end@additional=\dimen189
\pgf@shorten@start@additional=\dimen190
)
(/usr/local/texlive/2020/texmf-dist/tex/generic/pgf/basiclayer/pgfcorescopes.co
de.tex
File: pgfcorescopes.code.tex 2020/01/08 v3.1.5b (3.1.5b)
\pgfpic=\box56
\pgf@hbox=\box57
\pgf@layerbox@main=\box58
\pgf@picture@serial@count=\count270
)
(/usr/local/texlive/2020/texmf-dist/tex/generic/pgf/basiclayer/pgfcoregraphicst
ate.code.tex
File: pgfcoregraphicstate.code.tex 2020/01/08 v3.1.5b (3.1.5b)
\pgflinewidth=\dimen191
)
(/usr/local/texlive/2020/texmf-dist/tex/generic/pgf/basiclayer/pgfcoretransform
ations.code.tex
File: pgfcoretransformations.code.tex 2020/01/08 v3.1.5b (3.1.5b)
\pgf@pt@x=\dimen192
\pgf@pt@y=\dimen193
\pgf@pt@temp=\dimen194
)
(/usr/local/texlive/2020/texmf-dist/tex/generic/pgf/basiclayer/pgfcorequick.cod
e.tex
File: pgfcorequick.code.tex 2020/01/08 v3.1.5b (3.1.5b)
)
(/usr/local/texlive/2020/texmf-dist/tex/generic/pgf/basiclayer/pgfcoreobjects.c
ode.tex
File: pgfcoreobjects.code.tex 2020/01/08 v3.1.5b (3.1.5b)
)
(/usr/local/texlive/2020/texmf-dist/tex/generic/pgf/basiclayer/pgfcorepathproce
ssing.code.tex
File: pgfcorepathprocessing.code.tex 2020/01/08 v3.1.5b (3.1.5b)
)
(/usr/local/texlive/2020/texmf-dist/tex/generic/pgf/basiclayer/pgfcorearrows.co
de.tex
File: pgfcorearrows.code.tex 2020/01/08 v3.1.5b (3.1.5b)
\pgfarrowsep=\dimen195
)
(/usr/local/texlive/2020/texmf-dist/tex/generic/pgf/basiclayer/pgfcoreshade.cod
e.tex
File: pgfcoreshade.code.tex 2020/01/08 v3.1.5b (3.1.5b)
\pgf@max=\dimen196
\pgf@sys@shading@range@num=\count271
\pgf@shadingcount=\count272
)
(/usr/local/texlive/2020/texmf-dist/tex/generic/pgf/basiclayer/pgfcoreimage.cod
e.tex
File: pgfcoreimage.code.tex 2020/01/08 v3.1.5b (3.1.5b)

(/usr/local/texlive/2020/texmf-dist/tex/generic/pgf/basiclayer/pgfcoreexternal.
code.tex
File: pgfcoreexternal.code.tex 2020/01/08 v3.1.5b (3.1.5b)
\pgfexternal@startupbox=\box59
))
(/usr/local/texlive/2020/texmf-dist/tex/generic/pgf/basiclayer/pgfcorelayers.co
de.tex
File: pgfcorelayers.code.tex 2020/01/08 v3.1.5b (3.1.5b)
)
(/usr/local/texlive/2020/texmf-dist/tex/generic/pgf/basiclayer/pgfcoretranspare
ncy.code.tex
File: pgfcoretransparency.code.tex 2020/01/08 v3.1.5b (3.1.5b)
)
(/usr/local/texlive/2020/texmf-dist/tex/generic/pgf/basiclayer/pgfcorepatterns.
code.tex
File: pgfcorepatterns.code.tex 2020/01/08 v3.1.5b (3.1.5b)
)
(/usr/local/texlive/2020/texmf-dist/tex/generic/pgf/basiclayer/pgfcorerdf.code.
tex
File: pgfcorerdf.code.tex 2020/01/08 v3.1.5b (3.1.5b)
))) (/usr/local/texlive/2020/texmf-dist/tex/latex/pgf/utilities/xxcolor.sty
Package: xxcolor 2003/10/24 ver 0.1
\XC@nummixins=\count273
\XC@countmixins=\count274
) (/usr/local/texlive/2020/texmf-dist/tex/generic/atbegshi/atbegshi.sty
Package: atbegshi 2019/12/05 v1.19 At begin shipout hook (HO)

(/usr/local/texlive/2020/texmf-dist/tex/generic/infwarerr/infwarerr.sty
Package: infwarerr 2019/12/03 v1.5 Providing info/warning/error messages (HO)
)
(/usr/local/texlive/2020/texmf-dist/tex/generic/ltxcmds/ltxcmds.sty
Package: ltxcmds 2019/12/15 v1.24 LaTeX kernel commands for general use (HO)
))
(/usr/local/texlive/2020/texmf-dist/tex/latex/hyperref/hyperref.sty
Package: hyperref 2020/01/14 v7.00d Hypertext links for LaTeX

(/usr/local/texlive/2020/texmf-dist/tex/latex/pdftexcmds/pdftexcmds.sty
Package: pdftexcmds 2019/11/24 v0.31 Utility functions of pdfTeX for LuaTeX (HO
)
Package pdftexcmds Info: \pdf@primitive is available.
Package pdftexcmds Info: \pdf@ifprimitive is available.
Package pdftexcmds Info: \pdfdraftmode found.
)
(/usr/local/texlive/2020/texmf-dist/tex/generic/kvsetkeys/kvsetkeys.sty
Package: kvsetkeys 2019/12/15 v1.18 Key value parser (HO)
)
(/usr/local/texlive/2020/texmf-dist/tex/generic/kvdefinekeys/kvdefinekeys.sty
Package: kvdefinekeys 2019-12-19 v1.6 Define keys (HO)
)
(/usr/local/texlive/2020/texmf-dist/tex/generic/pdfescape/pdfescape.sty
Package: pdfescape 2019/12/09 v1.15 Implements pdfTeX's escape features (HO)
)
(/usr/local/texlive/2020/texmf-dist/tex/latex/hycolor/hycolor.sty
Package: hycolor 2020-01-27 v1.10 Color options for hyperref/bookmark (HO)
)
(/usr/local/texlive/2020/texmf-dist/tex/latex/letltxmacro/letltxmacro.sty
Package: letltxmacro 2019/12/03 v1.6 Let assignment for LaTeX macros (HO)
)
(/usr/local/texlive/2020/texmf-dist/tex/latex/auxhook/auxhook.sty
Package: auxhook 2019-12-17 v1.6 Hooks for auxiliary files (HO)
)
(/usr/local/texlive/2020/texmf-dist/tex/latex/kvoptions/kvoptions.sty
Package: kvoptions 2019/11/29 v3.13 Key value format for package options (HO)
)
\@linkdim=\dimen197
\Hy@linkcounter=\count275
\Hy@pagecounter=\count276

(/usr/local/texlive/2020/texmf-dist/tex/latex/hyperref/pd1enc.def
File: pd1enc.def 2020/01/14 v7.00d Hyperref: PDFDocEncoding definition (HO)
Now handling font encoding PD1 ...
... no UTF-8 mapping file for font encoding PD1
)
(/usr/local/texlive/2020/texmf-dist/tex/generic/intcalc/intcalc.sty
Package: intcalc 2019/12/15 v1.3 Expandable calculations with integers (HO)
)
(/usr/local/texlive/2020/texmf-dist/tex/generic/etexcmds/etexcmds.sty
Package: etexcmds 2019/12/15 v1.7 Avoid name clashes with e-TeX commands (HO)
)
\Hy@SavedSpaceFactor=\count277
Package hyperref Info: Option `bookmarks' set `true' on input line 4421.
Package hyperref Info: Option `bookmarksopen' set `true' on input line 4421.
Package hyperref Info: Option `implicit' set `false' on input line 4421.
Package hyperref Info: Hyper figures OFF on input line 4547.
Package hyperref Info: Link nesting OFF on input line 4552.
Package hyperref Info: Hyper index ON on input line 4555.
Package hyperref Info: Plain pages OFF on input line 4562.
Package hyperref Info: Backreferencing OFF on input line 4567.
Package hyperref Info: Implicit mode OFF; no redefinition of LaTeX internals.
Package hyperref Info: Bookmarks ON on input line 4800.
\c@Hy@tempcnt=\count278

(/usr/local/texlive/2020/texmf-dist/tex/latex/url/url.sty
\Urlmuskip=\muskip16
Package: url 2013/09/16  ver 3.4  Verb mode for urls, etc.
)
LaTeX Info: Redefining \url on input line 5159.
\XeTeXLinkMargin=\dimen198

(/usr/local/texlive/2020/texmf-dist/tex/generic/bitset/bitset.sty
Package: bitset 2019/12/09 v1.3 Handle bit-vector datatype (HO)

(/usr/local/texlive/2020/texmf-dist/tex/generic/bigintcalc/bigintcalc.sty
Package: bigintcalc 2019/12/15 v1.5 Expandable calculations on big integers (HO
)
))
\Fld@menulength=\count279
\Field@Width=\dimen199
\Fld@charsize=\dimen256
Package hyperref Info: Hyper figures OFF on input line 6430.
Package hyperref Info: Link nesting OFF on input line 6435.
Package hyperref Info: Hyper index ON on input line 6438.
Package hyperref Info: backreferencing OFF on input line 6445.
Package hyperref Info: Link coloring OFF on input line 6450.
Package hyperref Info: Link coloring with OCG OFF on input line 6455.
Package hyperref Info: PDF/A mode OFF on input line 6460.
LaTeX Info: Redefining \ref on input line 6500.
LaTeX Info: Redefining \pageref on input line 6504.
\Hy@abspage=\count280


Package hyperref Message: Stopped early.

)
Package hyperref Info: Driver (autodetected): hpdftex.
 (/usr/local/texlive/2020/texmf-dist/tex/latex/hyperref/hpdftex.def
File: hpdftex.def 2020/01/14 v7.00d Hyperref driver for pdfTeX

(/usr/local/texlive/2020/texmf-dist/tex/latex/atveryend/atveryend.sty
Package: atveryend 2019-12-11 v1.11 Hooks at the very end of document (HO)
)
\Fld@listcount=\count281
\c@bookmark@seq@number=\count282

(/usr/local/texlive/2020/texmf-dist/tex/latex/rerunfilecheck/rerunfilecheck.sty
Package: rerunfilecheck 2019/12/05 v1.9 Rerun checks for auxiliary files (HO)

(/usr/local/texlive/2020/texmf-dist/tex/generic/uniquecounter/uniquecounter.sty
Package: uniquecounter 2019/12/15 v1.4 Provide unlimited unique counter (HO)
)
Package uniquecounter Info: New unique counter `rerunfilecheck' on input line 2
86.
)) (/usr/local/texlive/2020/texmf-dist/tex/latex/beamer/beamerbaserequires.sty
(/usr/local/texlive/2020/texmf-dist/tex/latex/beamer/beamerbasecompatibility.st
y) (/usr/local/texlive/2020/texmf-dist/tex/latex/beamer/beamerbasefont.sty
(/usr/local/texlive/2020/texmf-dist/tex/latex/amsfonts/amssymb.sty
Package: amssymb 2013/01/14 v3.01 AMS font symbols

(/usr/local/texlive/2020/texmf-dist/tex/latex/amsfonts/amsfonts.sty
Package: amsfonts 2013/01/14 v3.01 Basic AMSFonts support
\@emptytoks=\toks27
\symAMSa=\mathgroup4
\symAMSb=\mathgroup5
LaTeX Font Info:    Redeclaring math symbol \hbar on input line 98.
LaTeX Font Info:    Overwriting math alphabet `\mathfrak' in version `bold'
(Font)                  U/euf/m/n --> U/euf/b/n on input line 106.
))
(/usr/local/texlive/2020/texmf-dist/tex/latex/sansmathaccent/sansmathaccent.sty
Package: sansmathaccent 2020/01/31
(/usr/local/texlive/2020/texmf-dist/tex/latex/koma-script/scrlfile.sty
Package: scrlfile 2020/01/24 v3.29 KOMA-Script package (loading files)
)))
(/usr/local/texlive/2020/texmf-dist/tex/latex/beamer/beamerbasetranslator.sty
(/usr/local/texlive/2020/texmf-dist/tex/latex/translator/translator.sty
Package: translator 2019-05-31 v1.12a Easy translation of strings in LaTeX
))
(/usr/local/texlive/2020/texmf-dist/tex/latex/beamer/beamerbasemisc.sty)
(/usr/local/texlive/2020/texmf-dist/tex/latex/beamer/beamerbasetwoscreens.sty)
(/usr/local/texlive/2020/texmf-dist/tex/latex/beamer/beamerbaseoverlay.sty
\beamer@argscount=\count283
\beamer@lastskipcover=\skip50
\beamer@trivlistdepth=\count284
)
(/usr/local/texlive/2020/texmf-dist/tex/latex/beamer/beamerbasetitle.sty)
(/usr/local/texlive/2020/texmf-dist/tex/latex/beamer/beamerbasesection.sty
\c@lecture=\count285
\c@part=\count286
\c@section=\count287
\c@subsection=\count288
\c@subsubsection=\count289
)
(/usr/local/texlive/2020/texmf-dist/tex/latex/beamer/beamerbaseframe.sty
\beamer@framebox=\box60
\beamer@frametitlebox=\box61
\beamer@zoombox=\box62
\beamer@zoomcount=\count290
\beamer@zoomframecount=\count291
\beamer@frametextheight=\dimen257
\c@subsectionslide=\count292
\beamer@frametopskip=\skip51
\beamer@framebottomskip=\skip52
\beamer@frametopskipautobreak=\skip53
\beamer@framebottomskipautobreak=\skip54
\beamer@envbody=\toks28
\framewidth=\dimen258
\c@framenumber=\count293
)
(/usr/local/texlive/2020/texmf-dist/tex/latex/beamer/beamerbaseverbatim.sty
\beamer@verbatimfileout=\write4
)
(/usr/local/texlive/2020/texmf-dist/tex/latex/beamer/beamerbaseframesize.sty
\beamer@splitbox=\box63
\beamer@autobreakcount=\count294
\beamer@autobreaklastheight=\dimen259
\beamer@frametitletoks=\toks29
\beamer@framesubtitletoks=\toks30
)
(/usr/local/texlive/2020/texmf-dist/tex/latex/beamer/beamerbaseframecomponents.
sty
\beamer@footins=\box64
) (/usr/local/texlive/2020/texmf-dist/tex/latex/beamer/beamerbasecolor.sty)
(/usr/local/texlive/2020/texmf-dist/tex/latex/beamer/beamerbasenotes.sty
\beamer@frameboxcopy=\box65
)
(/usr/local/texlive/2020/texmf-dist/tex/latex/beamer/beamerbasetoc.sty)
(/usr/local/texlive/2020/texmf-dist/tex/latex/beamer/beamerbasetemplates.sty
\beamer@sbttoks=\toks31

(/usr/local/texlive/2020/texmf-dist/tex/latex/beamer/beamerbaseauxtemplates.sty
(/usr/local/texlive/2020/texmf-dist/tex/latex/beamer/beamerbaseboxes.sty
\bmb@box=\box66
\bmb@colorbox=\box67
\bmb@boxshadow=\box68
\bmb@boxshadowball=\box69
\bmb@boxshadowballlarge=\box70
\bmb@temp=\dimen260
\bmb@dima=\dimen261
\bmb@dimb=\dimen262
\bmb@prevheight=\dimen263
)
\beamer@blockheadheight=\dimen264
))
(/usr/local/texlive/2020/texmf-dist/tex/latex/beamer/beamerbaselocalstructure.s
ty (/usr/local/texlive/2020/texmf-dist/tex/latex/tools/enumerate.sty
Package: enumerate 2015/07/23 v3.00 enumerate extensions (DPC)
\@enLab=\toks32
)
\c@figure=\count295
\c@table=\count296
\abovecaptionskip=\skip55
\belowcaptionskip=\skip56
)
(/usr/local/texlive/2020/texmf-dist/tex/latex/beamer/beamerbasenavigation.sty
\beamer@section@min@dim=\dimen265
)
(/usr/local/texlive/2020/texmf-dist/tex/latex/beamer/beamerbasetheorems.sty
(/usr/local/texlive/2020/texmf-dist/tex/latex/amsmath/amsmath.sty
Package: amsmath 2020/01/20 v2.17e AMS math features
\@mathmargin=\skip57

For additional information on amsmath, use the `?' option.
(/usr/local/texlive/2020/texmf-dist/tex/latex/amsmath/amstext.sty
Package: amstext 2000/06/29 v2.01 AMS text

(/usr/local/texlive/2020/texmf-dist/tex/latex/amsmath/amsgen.sty
File: amsgen.sty 1999/11/30 v2.0 generic functions
\@emptytoks=\toks33
\ex@=\dimen266
))
(/usr/local/texlive/2020/texmf-dist/tex/latex/amsmath/amsbsy.sty
Package: amsbsy 1999/11/29 v1.2d Bold Symbols
\pmbraise@=\dimen267
)
(/usr/local/texlive/2020/texmf-dist/tex/latex/amsmath/amsopn.sty
Package: amsopn 2016/03/08 v2.02 operator names
)
\inf@bad=\count297
LaTeX Info: Redefining \frac on input line 227.
\uproot@=\count298
\leftroot@=\count299
LaTeX Info: Redefining \overline on input line 389.
\classnum@=\count300
\DOTSCASE@=\count301
LaTeX Info: Redefining \ldots on input line 486.
LaTeX Info: Redefining \dots on input line 489.
LaTeX Info: Redefining \cdots on input line 610.
\Mathstrutbox@=\box71
\strutbox@=\box72
\big@size=\dimen268
LaTeX Font Info:    Redeclaring font encoding OML on input line 733.
LaTeX Font Info:    Redeclaring font encoding OMS on input line 734.
\macc@depth=\count302
\c@MaxMatrixCols=\count303
\dotsspace@=\muskip17
\c@parentequation=\count304
\dspbrk@lvl=\count305
\tag@help=\toks34
\row@=\count306
\column@=\count307
\maxfields@=\count308
\andhelp@=\toks35
\eqnshift@=\dimen269
\alignsep@=\dimen270
\tagshift@=\dimen271
\tagwidth@=\dimen272
\totwidth@=\dimen273
\lineht@=\dimen274
\@envbody=\toks36
\multlinegap=\skip58
\multlinetaggap=\skip59
\mathdisplay@stack=\toks37
LaTeX Info: Redefining \[ on input line 2859.
LaTeX Info: Redefining \] on input line 2860.
)
(/usr/local/texlive/2020/texmf-dist/tex/latex/amscls/amsthm.sty
Package: amsthm 2017/10/31 v2.20.4
\thm@style=\toks38
\thm@bodyfont=\toks39
\thm@headfont=\toks40
\thm@notefont=\toks41
\thm@headpunct=\toks42
\thm@preskip=\skip60
\thm@postskip=\skip61
\thm@headsep=\skip62
\dth@everypar=\toks43
)
\c@theorem=\count309
)
(/usr/local/texlive/2020/texmf-dist/tex/latex/beamer/beamerbasethemes.sty))
(/usr/local/texlive/2020/texmf-dist/tex/latex/beamer/beamerthemedefault.sty
(/usr/local/texlive/2020/texmf-dist/tex/latex/beamer/beamerfontthemedefault.sty
)
(/usr/local/texlive/2020/texmf-dist/tex/latex/beamer/beamercolorthemedefault.st
y)
(/usr/local/texlive/2020/texmf-dist/tex/latex/beamer/beamerinnerthemedefault.st
y
\beamer@dima=\dimen275
\beamer@dimb=\dimen276
)
(/usr/local/texlive/2020/texmf-dist/tex/latex/beamer/beamerouterthemedefault.st
y))) (/usr/local/texlive/2020/texmf-dist/tex/latex/base/inputenc.sty
Package: inputenc 2018/08/11 v1.3c Input encoding file
\inpenc@prehook=\toks44
\inpenc@posthook=\toks45
)
(/usr/local/texlive/2020/texmf-dist/tex/latex/grffile/grffile.sty
Package: grffile 2019/11/11 v2.1 Extended file name support for graphics (legac
y)
Package grffile Info: This package is an empty stub for compatibility on input 
line 40.
)
(/usr/local/texlive/2020/texmf-dist/tex/latex/tools/longtable.sty
Package: longtable 2020/01/07 v4.13 Multi-page Table package (DPC)
\LTleft=\skip63
\LTright=\skip64
\LTpre=\skip65
\LTpost=\skip66
\LTchunksize=\count310
\LTcapwidth=\dimen277
\LT@head=\box73
\LT@firsthead=\box74
\LT@foot=\box75
\LT@lastfoot=\box76
\LT@cols=\count311
\LT@rows=\count312
\c@LT@tables=\count313
\c@LT@chunks=\count314
\LT@p@ftn=\toks46
)
(/usr/local/texlive/2020/texmf-dist/tex/latex/wrapfig/wrapfig.sty
\wrapoverhang=\dimen278
\WF@size=\dimen279
\c@WF@wrappedlines=\count315
\WF@box=\box77
\WF@everypar=\toks47
Package: wrapfig 2003/01/31  v 3.6
)
(/usr/local/texlive/2020/texmf-dist/tex/latex/graphics/rotating.sty
Package: rotating 2016/08/11 v2.16d rotated objects in LaTeX

(/usr/local/texlive/2020/texmf-dist/tex/latex/base/ifthen.sty
Package: ifthen 2014/09/29 v1.1c Standard LaTeX ifthen package (DPC)
)
\c@r@tfl@t=\count316
\rotFPtop=\skip67
\rotFPbot=\skip68
\rot@float@box=\box78
\rot@mess@toks=\toks48
)
(/usr/local/texlive/2020/texmf-dist/tex/latex/base/textcomp.sty
Package: textcomp 2020/02/02 v2.0n Standard LaTeX package
)
(/usr/local/texlive/2020/texmf-dist/tex/latex/capt-of/capt-of.sty
Package: capt-of 2009/12/29 v0.2 standard captions outside of floats
)
(/Users/strow/texmf/tex/latex/caption/tex/caption.sty
Package: caption 2019/10/18 v3.4a Customizing captions (AR)

(/Users/strow/texmf/tex/latex/caption/tex/caption3.sty
Package: caption3 2019/09/09 v1.8e caption3 kernel (AR)
Package caption3 Info: TeX engine: e-TeX on input line 64.
\captionmargin=\dimen280
\captionmargin@=\dimen281
\captionwidth=\dimen282
\caption@tempdima=\dimen283
\caption@indent=\dimen284
\caption@parindent=\dimen285
\caption@hangindent=\dimen286
Package caption Info: beamer document class detected.
)
\c@caption@flags=\count317
\c@continuedfloat=\count318
Package caption Info: beamer document class.
Package caption Info: hyperref package is loaded.
Package caption Info: Hyperref support is turned off
(caption)             because hyperref has stopped early.
Package caption Info: longtable package is loaded.

(/Users/strow/texmf/tex/latex/caption/tex/ltcaption.sty
Package: ltcaption 2018/08/26 v1.4a longtable captions (AR)
)
Package caption Info: rotating package is loaded.
Package caption Info: wrapfig package is loaded.
) (./beamer_setup.tex
(/usr/local/texlive/2020/texmf-dist/tex/latex/base/fontenc.sty
Package: fontenc 2020/02/11 v2.0o Standard LaTeX package
)
(/Users/strow/.texlive2020/texmf-config/tex/latex/lucidabr/lucidabr.sty
Package: lucidabr 2005/11/29 v4.3 Lucida Bright + Lucida New Math + Lucida Expe
rt (SPQR/DPC/TUG)
LaTeX Font Info:    Trying to load font information for T1+hls on input line 12
9.

(/Users/strow/.texlive2020/texmf-config/tex/latex/lucida/t1hls.fd
File: t1hls.fd 2005/09/15 font definitions for T1/hls (WaS/PCTeX/TUG)
)
LaTeX Font Info:    Font shape `T1/hls/m/n' will be
(Font)              scaled to size 9.49997pt on input line 129.
Now handling font encoding LMR ...
... no UTF-8 mapping file for font encoding LMR
LaTeX Font Info:    Redeclaring symbol font `letters' on input line 131.
LaTeX Font Info:    Overwriting symbol font `letters' in version `normal'
(Font)                  OML/cmm/m/it --> OML/hlcm/m/it on input line 131.
LaTeX Font Info:    Overwriting symbol font `letters' in version `bold'
(Font)                  OML/cmm/b/it --> OML/hlcm/m/it on input line 131.
\symmathupright=\mathgroup6
LaTeX Font Info:    Redeclaring symbol font `symbols' on input line 135.
LaTeX Font Info:    Overwriting symbol font `symbols' in version `normal'
(Font)                  OMS/cmsy/m/n --> OMS/hlcy/m/n on input line 135.
LaTeX Font Info:    Overwriting symbol font `symbols' in version `bold'
(Font)                  OMS/cmsy/b/n --> OMS/hlcy/m/n on input line 135.
LaTeX Font Info:    Redeclaring symbol font `largesymbols' on input line 136.
LaTeX Font Info:    Overwriting symbol font `largesymbols' in version `normal'
(Font)                  OMX/cmex/m/n --> OMX/hlcv/m/n on input line 136.
LaTeX Font Info:    Overwriting symbol font `largesymbols' in version `bold'
(Font)                  OMX/cmex/m/n --> OMX/hlcv/m/n on input line 136.
LaTeX Font Info:    Overwriting symbol font `letters' in version `bold'
(Font)                  OML/hlcm/m/it --> OML/hlcm/b/it on input line 138.
LaTeX Font Info:    Overwriting symbol font `mathupright' in version `bold'
(Font)                  OML/hlcm/m/n --> OML/hlcm/b/n on input line 139.
LaTeX Font Info:    Overwriting symbol font `symbols' in version `bold'
(Font)                  OMS/hlcy/m/n --> OMS/hlcy/b/n on input line 140.
\symarrows=\mathgroup7
LaTeX Font Info:    Overwriting symbol font `arrows' in version `bold'
(Font)                  LMR/hlcm/m/n --> LMR/hlcm/b/n on input line 144.
LaTeX Font Info:    Redeclaring symbol font `operators' on input line 146.
LaTeX Font Info:    Encoding `OT1' has changed to `T1' for symbol font
(Font)              `operators' in the math version `normal' on input line 146.

LaTeX Font Info:    Overwriting symbol font `operators' in version `normal'
(Font)                  OT1/cmr/m/n --> T1/hlh/m/n on input line 146.
LaTeX Font Info:    Encoding `OT1' has changed to `T1' for symbol font
(Font)              `operators' in the math version `bold' on input line 146.
LaTeX Font Info:    Overwriting symbol font `operators' in version `bold'
(Font)                  OT1/cmr/bx/n --> T1/hlh/m/n on input line 146.
LaTeX Font Info:    Overwriting symbol font `operators' in version `bold'
(Font)                  T1/hlh/m/n --> T1/hlh/b/n on input line 147.
LaTeX Font Info:    Overwriting symbol font `operators' in version `normal'
(Font)                  T1/hlh/m/n --> T1/hlh/m/n on input line 148.
LaTeX Font Info:    Redeclaring math alphabet \mathbf on input line 149.
LaTeX Font Info:    Overwriting math alphabet `\mathbf' in version `normal'
(Font)                  OT1/cmr/bx/n --> T1/hlh/b/n on input line 149.
LaTeX Font Info:    Overwriting math alphabet `\mathbf' in version `bold'
(Font)                  OT1/cmr/bx/n --> T1/hlh/b/n on input line 149.
LaTeX Font Info:    Redeclaring math alphabet \mathrm on input line 150.
LaTeX Font Info:    Redeclaring math alphabet \mathsf on input line 151.
LaTeX Font Info:    Overwriting math alphabet `\mathsf' in version `normal'
(Font)                  OT1/cmss/m/n --> T1/hls/m/n on input line 151.
LaTeX Font Info:    Overwriting math alphabet `\mathsf' in version `bold'
(Font)                  OT1/cmss/bx/n --> T1/hls/m/n on input line 151.
LaTeX Font Info:    Redeclaring math alphabet \mathit on input line 152.
LaTeX Font Info:    Overwriting math alphabet `\mathit' in version `normal'
(Font)                  OT1/cmr/m/it --> T1/hlh/m/it on input line 152.
LaTeX Font Info:    Overwriting math alphabet `\mathit' in version `bold'
(Font)                  OT1/cmr/bx/it --> T1/hlh/m/it on input line 152.
LaTeX Font Info:    Redeclaring math alphabet \mathtt on input line 153.
LaTeX Font Info:    Overwriting math alphabet `\mathtt' in version `normal'
(Font)                  OT1/cmtt/m/n --> T1/hlst/m/n on input line 153.
LaTeX Font Info:    Overwriting math alphabet `\mathtt' in version `bold'
(Font)                  OT1/cmtt/m/n --> T1/hlst/m/n on input line 153.
LaTeX Font Info:    Redeclaring math alphabet \mathfrak on input line 154.
LaTeX Font Info:    Overwriting math alphabet `\mathfrak' in version `normal'
(Font)                  U/euf/m/n --> T1/hlcf/m/n on input line 154.
LaTeX Font Info:    Overwriting math alphabet `\mathfrak' in version `bold'
(Font)                  U/euf/b/n --> T1/hlcf/m/n on input line 154.
LaTeX Font Info:    Overwriting math alphabet `\mathbf' in version `bold'
(Font)                  T1/hlh/b/n --> T1/hlh/b/n on input line 155.
LaTeX Font Info:    Overwriting math alphabet `\mathsf' in version `bold'
(Font)                  T1/hls/m/n --> T1/hls/b/n on input line 156.
LaTeX Font Info:    Overwriting math alphabet `\mathrm' in version `bold'
(Font)                  T1/hlh/m/n --> T1/hlh/b/n on input line 157.
LaTeX Font Info:    Overwriting math alphabet `\mathit' in version `bold'
(Font)                  T1/hlh/m/it --> T1/hlh/b/it on input line 158.
LaTeX Font Info:    Overwriting math alphabet `\mathtt' in version `bold'
(Font)                  T1/hlst/m/n --> T1/hlst/b/n on input line 159.
LaTeX Font Info:    Redeclaring math accent \vec on input line 165.
LaTeX Font Info:    Redeclaring math accent \acute on input line 177.
LaTeX Font Info:    Redeclaring math accent \grave on input line 178.
LaTeX Font Info:    Redeclaring math accent \ddot on input line 179.
LaTeX Font Info:    Redeclaring math accent \tilde on input line 180.
LaTeX Font Info:    Redeclaring math accent \bar on input line 181.
LaTeX Font Info:    Redeclaring math accent \breve on input line 182.
LaTeX Font Info:    Redeclaring math accent \check on input line 183.
LaTeX Font Info:    Redeclaring math accent \hat on input line 184.
LaTeX Font Info:    Redeclaring math accent \dot on input line 185.
LaTeX Font Info:    Redeclaring math symbol \leftrightharpoons on input line 32
4.
LaTeX Font Info:    Redeclaring math symbol \Gamma on input line 364.
LaTeX Font Info:    Redeclaring math symbol \Delta on input line 365.
LaTeX Font Info:    Redeclaring math symbol \Theta on input line 366.
LaTeX Font Info:    Redeclaring math symbol \Lambda on input line 367.
LaTeX Font Info:    Redeclaring math symbol \Xi on input line 368.
LaTeX Font Info:    Redeclaring math symbol \Pi on input line 369.
LaTeX Font Info:    Redeclaring math symbol \Sigma on input line 370.
LaTeX Font Info:    Redeclaring math symbol \Upsilon on input line 371.
LaTeX Font Info:    Redeclaring math symbol \Phi on input line 372.
LaTeX Font Info:    Redeclaring math symbol \Psi on input line 373.
LaTeX Font Info:    Redeclaring math symbol \Omega on input line 374.
LaTeX Font Info:    Redeclaring math symbol \alpha on input line 388.
LaTeX Font Info:    Redeclaring math symbol \beta on input line 389.
LaTeX Font Info:    Redeclaring math symbol \gamma on input line 390.
LaTeX Font Info:    Redeclaring math symbol \delta on input line 391.
LaTeX Font Info:    Redeclaring math symbol \epsilon on input line 392.
LaTeX Font Info:    Redeclaring math symbol \zeta on input line 393.
LaTeX Font Info:    Redeclaring math symbol \eta on input line 394.
LaTeX Font Info:    Redeclaring math symbol \theta on input line 395.
LaTeX Font Info:    Redeclaring math symbol \iota on input line 396.
LaTeX Font Info:    Redeclaring math symbol \kappa on input line 397.
LaTeX Font Info:    Redeclaring math symbol \lambda on input line 398.
LaTeX Font Info:    Redeclaring math symbol \mu on input line 399.
LaTeX Font Info:    Redeclaring math symbol \nu on input line 400.
LaTeX Font Info:    Redeclaring math symbol \xi on input line 401.
LaTeX Font Info:    Redeclaring math symbol \pi on input line 402.
LaTeX Font Info:    Redeclaring math symbol \rho on input line 403.
LaTeX Font Info:    Redeclaring math symbol \sigma on input line 404.
LaTeX Font Info:    Redeclaring math symbol \tau on input line 405.
LaTeX Font Info:    Redeclaring math symbol \upsilon on input line 406.
LaTeX Font Info:    Redeclaring math symbol \phi on input line 407.
LaTeX Font Info:    Redeclaring math symbol \chi on input line 408.
LaTeX Font Info:    Redeclaring math symbol \psi on input line 409.
LaTeX Font Info:    Redeclaring math symbol \omega on input line 410.
LaTeX Font Info:    Redeclaring math symbol \varepsilon on input line 411.
LaTeX Font Info:    Redeclaring math symbol \vartheta on input line 412.
LaTeX Font Info:    Redeclaring math symbol \varpi on input line 413.
LaTeX Font Info:    Redeclaring math symbol \varrho on input line 414.
LaTeX Font Info:    Redeclaring math symbol \varsigma on input line 415.
LaTeX Font Info:    Redeclaring math symbol \varphi on input line 416.
LaTeX Font Info:    Redeclaring math symbol \boxdot on input line 457.
LaTeX Font Info:    Redeclaring math symbol \boxplus on input line 458.
LaTeX Font Info:    Redeclaring math symbol \boxtimes on input line 459.
LaTeX Font Info:    Redeclaring math symbol \square on input line 460.
LaTeX Font Info:    Redeclaring math symbol \blacksquare on input line 461.
LaTeX Font Info:    Redeclaring math symbol \centerdot on input line 462.
LaTeX Font Info:    Redeclaring math symbol \lozenge on input line 463.
LaTeX Font Info:    Redeclaring math symbol \blacklozenge on input line 464.
LaTeX Font Info:    Redeclaring math symbol \circlearrowright on input line 465
.
LaTeX Font Info:    Redeclaring math symbol \circlearrowleft on input line 466.

LaTeX Font Info:    Redeclaring math symbol \rightleftharpoons on input line 46
7.
LaTeX Font Info:    Redeclaring math symbol \leftrightharpoons on input line 46
8.
LaTeX Font Info:    Redeclaring math symbol \boxminus on input line 469.
LaTeX Font Info:    Redeclaring math symbol \Vdash on input line 470.
LaTeX Font Info:    Redeclaring math symbol \Vvdash on input line 471.
LaTeX Font Info:    Redeclaring math symbol \vDash on input line 472.
LaTeX Font Info:    Redeclaring math symbol \twoheadrightarrow on input line 47
3.
LaTeX Font Info:    Redeclaring math symbol \twoheadleftarrow on input line 474
.
LaTeX Font Info:    Redeclaring math symbol \leftleftarrows on input line 475.
LaTeX Font Info:    Redeclaring math symbol \rightrightarrows on input line 476
.
LaTeX Font Info:    Redeclaring math symbol \upuparrows on input line 477.
LaTeX Font Info:    Redeclaring math symbol \downdownarrows on input line 478.
LaTeX Font Info:    Redeclaring math symbol \upharpoonright on input line 479.
LaTeX Font Info:    Redeclaring math symbol \downharpoonright on input line 480
.
LaTeX Font Info:    Redeclaring math symbol \upharpoonleft on input line 481.
LaTeX Font Info:    Redeclaring math symbol \downharpoonleft on input line 482.

LaTeX Font Info:    Redeclaring math symbol \rightarrowtail on input line 483.
LaTeX Font Info:    Redeclaring math symbol \leftarrowtail on input line 484.
LaTeX Font Info:    Redeclaring math symbol \leftrightarrows on input line 485.

LaTeX Font Info:    Redeclaring math symbol \rightleftarrows on input line 486.

LaTeX Font Info:    Redeclaring math symbol \Lsh on input line 487.
LaTeX Font Info:    Redeclaring math symbol \Rsh on input line 488.
LaTeX Font Info:    Redeclaring math symbol \rightsquigarrow on input line 489.

LaTeX Font Info:    Redeclaring math symbol \leftrightsquigarrow on input line 
491.
LaTeX Font Info:    Redeclaring math symbol \looparrowleft on input line 492.
LaTeX Font Info:    Redeclaring math symbol \looparrowright on input line 493.
LaTeX Font Info:    Redeclaring math symbol \circeq on input line 494.
LaTeX Font Info:    Redeclaring math symbol \succsim on input line 495.
LaTeX Font Info:    Redeclaring math symbol \gtrsim on input line 496.
LaTeX Font Info:    Redeclaring math symbol \gtrapprox on input line 497.
LaTeX Font Info:    Redeclaring math symbol \multimap on input line 498.
LaTeX Font Info:    Redeclaring math symbol \therefore on input line 501.
LaTeX Font Info:    Redeclaring math symbol \because on input line 502.
LaTeX Font Info:    Redeclaring math symbol \doteqdot on input line 503.
LaTeX Font Info:    Redeclaring math symbol \triangleq on input line 504.
LaTeX Font Info:    Redeclaring math symbol \precsim on input line 505.
LaTeX Font Info:    Redeclaring math symbol \lesssim on input line 506.
LaTeX Font Info:    Redeclaring math symbol \lessapprox on input line 507.
LaTeX Font Info:    Redeclaring math symbol \eqslantless on input line 508.
LaTeX Font Info:    Redeclaring math symbol \eqslantgtr on input line 509.
LaTeX Font Info:    Redeclaring math symbol \curlyeqprec on input line 510.
LaTeX Font Info:    Redeclaring math symbol \curlyeqsucc on input line 511.
LaTeX Font Info:    Redeclaring math symbol \preccurlyeq on input line 512.
LaTeX Font Info:    Redeclaring math symbol \leqq on input line 513.
LaTeX Font Info:    Redeclaring math symbol \leqslant on input line 514.
LaTeX Font Info:    Redeclaring math symbol \lessgtr on input line 515.
LaTeX Font Info:    Redeclaring math symbol \backprime on input line 516.
LaTeX Font Info:    Redeclaring math symbol \risingdotseq on input line 518.
LaTeX Font Info:    Redeclaring math symbol \fallingdotseq on input line 519.
LaTeX Font Info:    Redeclaring math symbol \succcurlyeq on input line 520.
LaTeX Font Info:    Redeclaring math symbol \geqq on input line 521.
LaTeX Font Info:    Redeclaring math symbol \geqslant on input line 522.
LaTeX Font Info:    Redeclaring math symbol \gtrless on input line 523.
LaTeX Font Info:    Redeclaring math symbol \vartriangleright on input line 528
.
LaTeX Font Info:    Redeclaring math symbol \vartriangleleft on input line 529.

LaTeX Font Info:    Redeclaring math symbol \trianglerighteq on input line 530.

LaTeX Font Info:    Redeclaring math symbol \trianglelefteq on input line 531.
LaTeX Font Info:    Redeclaring math symbol \bigstar on input line 532.
LaTeX Font Info:    Redeclaring math symbol \between on input line 533.
LaTeX Font Info:    Redeclaring math symbol \blacktriangledown on input line 53
4.
LaTeX Font Info:    Redeclaring math symbol \blacktriangleright on input line 5
35.
LaTeX Font Info:    Redeclaring math symbol \blacktriangleleft on input line 53
6.
LaTeX Font Info:    Redeclaring math symbol \vartriangle on input line 539.
LaTeX Font Info:    Redeclaring math symbol \blacktriangle on input line 540.
LaTeX Font Info:    Redeclaring math symbol \triangledown on input line 541.
LaTeX Font Info:    Redeclaring math symbol \eqcirc on input line 542.
LaTeX Font Info:    Redeclaring math symbol \lesseqgtr on input line 543.
LaTeX Font Info:    Redeclaring math symbol \gtreqless on input line 544.
LaTeX Font Info:    Redeclaring math symbol \lesseqqgtr on input line 545.
LaTeX Font Info:    Redeclaring math symbol \gtreqqless on input line 546.
LaTeX Font Info:    Redeclaring math symbol \Rrightarrow on input line 547.
LaTeX Font Info:    Redeclaring math symbol \Lleftarrow on input line 548.
LaTeX Font Info:    Redeclaring math symbol \veebar on input line 549.
LaTeX Font Info:    Redeclaring math symbol \barwedge on input line 550.
LaTeX Font Info:    Redeclaring math symbol \angle on input line 551.
LaTeX Font Info:    Redeclaring math symbol \measuredangle on input line 552.
LaTeX Font Info:    Redeclaring math symbol \sphericalangle on input line 553.
LaTeX Font Info:    Redeclaring math symbol \varpropto on input line 554.
LaTeX Font Info:    Redeclaring math symbol \smallsmile on input line 555.
LaTeX Font Info:    Redeclaring math symbol \smallfrown on input line 556.
LaTeX Font Info:    Redeclaring math symbol \Subset on input line 557.
LaTeX Font Info:    Redeclaring math symbol \Supset on input line 558.
LaTeX Font Info:    Redeclaring math symbol \Cup on input line 559.
LaTeX Font Info:    Redeclaring math symbol \Cap on input line 560.
LaTeX Font Info:    Redeclaring math symbol \curlywedge on input line 561.
LaTeX Font Info:    Redeclaring math symbol \curlyvee on input line 562.
LaTeX Font Info:    Redeclaring math symbol \leftthreetimes on input line 563.
LaTeX Font Info:    Redeclaring math symbol \rightthreetimes on input line 564.

LaTeX Font Info:    Redeclaring math symbol \subseteqq on input line 565.
LaTeX Font Info:    Redeclaring math symbol \supseteqq on input line 566.
LaTeX Font Info:    Redeclaring math symbol \bumpeq on input line 567.
LaTeX Font Info:    Redeclaring math symbol \Bumpeq on input line 568.
LaTeX Font Info:    Redeclaring math symbol \lll on input line 569.
LaTeX Font Info:    Redeclaring math symbol \ggg on input line 570.
LaTeX Font Info:    Redeclaring math symbol \circledS on input line 571.
LaTeX Font Info:    Redeclaring math symbol \pitchfork on input line 572.
LaTeX Font Info:    Redeclaring math symbol \dotplus on input line 573.
LaTeX Font Info:    Redeclaring math symbol \backsim on input line 574.
LaTeX Font Info:    Redeclaring math symbol \backsimeq on input line 575.
LaTeX Font Info:    Redeclaring math symbol \complement on input line 576.
LaTeX Font Info:    Redeclaring math symbol \intercal on input line 577.
LaTeX Font Info:    Redeclaring math symbol \circledcirc on input line 578.
LaTeX Font Info:    Redeclaring math symbol \circledast on input line 579.
LaTeX Font Info:    Redeclaring math symbol \circleddash on input line 580.
LaTeX Font Info:    Redeclaring math symbol \lvertneqq on input line 581.
LaTeX Font Info:    Redeclaring math symbol \gvertneqq on input line 582.
LaTeX Font Info:    Redeclaring math symbol \nleq on input line 583.
LaTeX Font Info:    Redeclaring math symbol \ngeq on input line 584.
LaTeX Font Info:    Redeclaring math symbol \nless on input line 585.
LaTeX Font Info:    Redeclaring math symbol \ngtr on input line 586.
LaTeX Font Info:    Redeclaring math symbol \nprec on input line 587.
LaTeX Font Info:    Redeclaring math symbol \nsucc on input line 588.
LaTeX Font Info:    Redeclaring math symbol \lneqq on input line 589.
LaTeX Font Info:    Redeclaring math symbol \gneqq on input line 590.
LaTeX Font Info:    Redeclaring math symbol \nleqslant on input line 591.
LaTeX Font Info:    Redeclaring math symbol \ngeqslant on input line 592.
LaTeX Font Info:    Redeclaring math symbol \lneq on input line 593.
LaTeX Font Info:    Redeclaring math symbol \gneq on input line 594.
LaTeX Font Info:    Redeclaring math symbol \npreceq on input line 595.
LaTeX Font Info:    Redeclaring math symbol \nsucceq on input line 596.
LaTeX Font Info:    Redeclaring math symbol \precnsim on input line 597.
LaTeX Font Info:    Redeclaring math symbol \succnsim on input line 598.
LaTeX Font Info:    Redeclaring math symbol \lnsim on input line 599.
LaTeX Font Info:    Redeclaring math symbol \gnsim on input line 600.
LaTeX Font Info:    Redeclaring math symbol \nleqq on input line 601.
LaTeX Font Info:    Redeclaring math symbol \ngeqq on input line 602.
LaTeX Font Info:    Redeclaring math symbol \precneqq on input line 603.
LaTeX Font Info:    Redeclaring math symbol \succneqq on input line 604.
LaTeX Font Info:    Redeclaring math symbol \precnapprox on input line 605.
LaTeX Font Info:    Redeclaring math symbol \succnapprox on input line 606.
LaTeX Font Info:    Redeclaring math symbol \lnapprox on input line 607.
LaTeX Font Info:    Redeclaring math symbol \gnapprox on input line 608.
LaTeX Font Info:    Redeclaring math symbol \nsim on input line 609.
LaTeX Font Info:    Redeclaring math symbol \ncong on input line 610.
LaTeX Font Info:    Redeclaring math symbol \diagup on input line 611.
LaTeX Font Info:    Redeclaring math symbol \diagdown on input line 612.
LaTeX Font Info:    Redeclaring math symbol \varsubsetneq on input line 613.
LaTeX Font Info:    Redeclaring math symbol \varsupsetneq on input line 614.
LaTeX Font Info:    Redeclaring math symbol \nsubseteqq on input line 615.
LaTeX Font Info:    Redeclaring math symbol \nsupseteqq on input line 616.
LaTeX Font Info:    Redeclaring math symbol \subsetneqq on input line 617.
LaTeX Font Info:    Redeclaring math symbol \supsetneqq on input line 618.
LaTeX Font Info:    Redeclaring math symbol \varsubsetneqq on input line 619.
LaTeX Font Info:    Redeclaring math symbol \varsupsetneqq on input line 620.
LaTeX Font Info:    Redeclaring math symbol \subsetneq on input line 621.
LaTeX Font Info:    Redeclaring math symbol \supsetneq on input line 622.
LaTeX Font Info:    Redeclaring math symbol \nsubseteq on input line 623.
LaTeX Font Info:    Redeclaring math symbol \nsupseteq on input line 624.
LaTeX Font Info:    Redeclaring math symbol \nparallel on input line 625.
LaTeX Font Info:    Redeclaring math symbol \nmid on input line 626.
LaTeX Font Info:    Redeclaring math symbol \nshortmid on input line 627.
LaTeX Font Info:    Redeclaring math symbol \nshortparallel on input line 628.
LaTeX Font Info:    Redeclaring math symbol \nvdash on input line 629.
LaTeX Font Info:    Redeclaring math symbol \nVdash on input line 630.
LaTeX Font Info:    Redeclaring math symbol \nvDash on input line 631.
LaTeX Font Info:    Redeclaring math symbol \nVDash on input line 632.
LaTeX Font Info:    Redeclaring math symbol \ntrianglerighteq on input line 633
.
LaTeX Font Info:    Redeclaring math symbol \ntrianglelefteq on input line 634.

LaTeX Font Info:    Redeclaring math symbol \ntriangleleft on input line 635.
LaTeX Font Info:    Redeclaring math symbol \ntriangleright on input line 636.
LaTeX Font Info:    Redeclaring math symbol \nleftarrow on input line 637.
LaTeX Font Info:    Redeclaring math symbol \nrightarrow on input line 638.
LaTeX Font Info:    Redeclaring math symbol \nLeftarrow on input line 639.
LaTeX Font Info:    Redeclaring math symbol \nRightarrow on input line 640.
LaTeX Font Info:    Redeclaring math symbol \nLeftrightarrow on input line 641.

LaTeX Font Info:    Redeclaring math symbol \nleftrightarrow on input line 642.

LaTeX Font Info:    Redeclaring math symbol \divideontimes on input line 643.
LaTeX Font Info:    Redeclaring math symbol \varnothing on input line 644.
LaTeX Font Info:    Redeclaring math symbol \nexists on input line 645.
LaTeX Font Info:    Redeclaring math symbol \Finv on input line 646.
LaTeX Font Info:    Redeclaring math symbol \Game on input line 647.
LaTeX Font Info:    Redeclaring math symbol \simeq on input line 650.
LaTeX Font Info:    Redeclaring math symbol \eqsim on input line 651.
LaTeX Font Info:    Redeclaring math symbol \beth on input line 652.
LaTeX Font Info:    Redeclaring math symbol \gimel on input line 653.
LaTeX Font Info:    Redeclaring math symbol \daleth on input line 654.
LaTeX Font Info:    Redeclaring math symbol \lessdot on input line 655.
LaTeX Font Info:    Redeclaring math symbol \gtrdot on input line 656.
LaTeX Font Info:    Redeclaring math symbol \ltimes on input line 657.
LaTeX Font Info:    Redeclaring math symbol \rtimes on input line 658.
LaTeX Font Info:    Redeclaring math symbol \shortmid on input line 659.
LaTeX Font Info:    Redeclaring math symbol \shortparallel on input line 660.
LaTeX Font Info:    Redeclaring math symbol \smallsetminus on input line 661.
LaTeX Font Info:    Redeclaring math symbol \thicksim on input line 662.
LaTeX Font Info:    Redeclaring math symbol \thickapprox on input line 663.
LaTeX Font Info:    Redeclaring math symbol \approxeq on input line 664.
LaTeX Font Info:    Redeclaring math symbol \succapprox on input line 665.
LaTeX Font Info:    Redeclaring math symbol \precapprox on input line 666.
LaTeX Font Info:    Redeclaring math symbol \curvearrowleft on input line 667.
LaTeX Font Info:    Redeclaring math symbol \curvearrowright on input line 668.

LaTeX Font Info:    Redeclaring math symbol \digamma on input line 669.
LaTeX Font Info:    Redeclaring math symbol \varkappa on input line 670.
LaTeX Font Info:    Redeclaring math symbol \Bbbk on input line 671.
LaTeX Font Info:    Redeclaring math symbol \hslash on input line 672.
LaTeX Font Info:    Redeclaring math symbol \hbar on input line 673.
LaTeX Font Info:    Redeclaring math symbol \backepsilon on input line 674.
LaTeX Font Info:    Redeclaring math symbol \dashrightarrow on input line 675.
LaTeX Font Info:    Redeclaring math symbol \dashleftarrow on input line 676.
LaTeX Font Info:    Redeclaring math delimiter \ulcorner on input line 679.
LaTeX Font Info:    Redeclaring math delimiter \urcorner on input line 680.
LaTeX Font Info:    Redeclaring math delimiter \llcorner on input line 681.
LaTeX Font Info:    Redeclaring math delimiter \lrcorner on input line 682.
)
(/usr/local/texlive/2020/texmf-dist/tex/generic/babel/babel.sty
Package: babel 2020/03/22 3.42 The Babel package

(/usr/local/texlive/2020/texmf-dist/tex/generic/babel/switch.def
File: switch.def 2020/03/22 3.42 Babel switching mechanism
)
(/usr/local/texlive/2020/texmf-dist/tex/generic/babel-english/english.ldf
Language: english 2017/06/06 v3.3r English support from the babel system

(/usr/local/texlive/2020/texmf-dist/tex/generic/babel/babel.def
File: babel.def 2020/03/22 3.42 Babel common definitions
\babel@savecnt=\count319
\U@D=\dimen287

(/usr/local/texlive/2020/texmf-dist/tex/generic/babel/txtbabel.def)
\bbl@readstream=\read3
LaTeX Info: Redefining \textlatin on input line 2435.
\bbl@dirlevel=\count320
)
Package babel Info: \l@canadian = using hyphenrules for english
(babel)             (\language0) on input line 102.
Package babel Info: \l@australian = using hyphenrules for ukenglish
(babel)             (\language21) on input line 105.
Package babel Info: \l@newzealand = using hyphenrules for ukenglish
(babel)             (\language21) on input line 108.
))
(/usr/local/texlive/2020/texmf-dist/tex/latex/tools/xspace.sty
Package: xspace 2014/10/28 v1.13 Space after command names (DPC,MH)
)
(/usr/local/texlive/2020/texmf-dist/tex/latex/pdfpages/pdfpages.sty
Package: pdfpages 2020/01/28 v0.5q Insert pages of external PDF documents (AM)

(/usr/local/texlive/2020/texmf-dist/tex/latex/tools/calc.sty
Package: calc 2017/05/25 v4.3 Infix arithmetic (KKT,FJ)
\calc@Acount=\count321
\calc@Bcount=\count322
\calc@Adimen=\dimen288
\calc@Bdimen=\dimen289
\calc@Askip=\skip69
\calc@Bskip=\skip70
LaTeX Info: Redefining \setlength on input line 80.
LaTeX Info: Redefining \addtolength on input line 81.
\calc@Ccount=\count323
\calc@Cskip=\skip71
)
(/usr/local/texlive/2020/texmf-dist/tex/latex/eso-pic/eso-pic.sty
Package: eso-pic 2018/04/12 v2.0h eso-pic (RN)
)
\AM@pagewidth=\dimen290
\AM@pageheight=\dimen291

(/usr/local/texlive/2020/texmf-dist/tex/latex/pdfpages/pppdftex.def
File: pppdftex.def 2020/01/28 v0.5q Pdfpages driver for pdfTeX (AM)
)
\AM@pagebox=\box79
\AM@global@opts=\toks49
\AM@pagecnt=\count324
\AM@toc@title=\toks50
\c@AM@survey=\count325
\AM@templatesizebox=\box80
)
(/Users/strow/texmf/tex/latex/mtheme/beamerthememetropolis.sty
Package: beamerthememetropolis 2017/01/23 v1.2 Metropolis Beamer theme

(/usr/local/texlive/2020/texmf-dist/tex/latex/pgfopts/pgfopts.sty
Package: pgfopts 2014/07/10 v2.1a LaTeX package options with pgfkeys

(/usr/local/texlive/2020/texmf-dist/tex/latex/pgf/utilities/pgfkeys.sty
(/usr/local/texlive/2020/texmf-dist/tex/generic/pgf/utilities/pgfkeys.code.tex)
)
\pgfopts@list@add@a@toks=\toks51
\pgfopts@list@add@b@toks=\toks52
) (/Users/strow/texmf/tex/latex/mtheme/beamerinnerthememetropolis.sty
Package: beamerinnerthememetropolis 2017/01/23 Metropolis inner theme

(/usr/local/texlive/2020/texmf-dist/tex/latex/pgf/frontendlayer/tikz.sty
(/usr/local/texlive/2020/texmf-dist/tex/latex/pgf/basiclayer/pgf.sty
Package: pgf 2020/01/08 v3.1.5b (3.1.5b)

(/usr/local/texlive/2020/texmf-dist/tex/generic/pgf/modules/pgfmoduleshapes.cod
e.tex
File: pgfmoduleshapes.code.tex 2020/01/08 v3.1.5b (3.1.5b)
\pgfnodeparttextbox=\box81
)
(/usr/local/texlive/2020/texmf-dist/tex/generic/pgf/modules/pgfmoduleplot.code.
tex
File: pgfmoduleplot.code.tex 2020/01/08 v3.1.5b (3.1.5b)
)
(/usr/local/texlive/2020/texmf-dist/tex/latex/pgf/compatibility/pgfcomp-version
-0-65.sty
Package: pgfcomp-version-0-65 2020/01/08 v3.1.5b (3.1.5b)
\pgf@nodesepstart=\dimen292
\pgf@nodesepend=\dimen293
)
(/usr/local/texlive/2020/texmf-dist/tex/latex/pgf/compatibility/pgfcomp-version
-1-18.sty
Package: pgfcomp-version-1-18 2020/01/08 v3.1.5b (3.1.5b)
))
(/usr/local/texlive/2020/texmf-dist/tex/latex/pgf/utilities/pgffor.sty
(/usr/local/texlive/2020/texmf-dist/tex/latex/pgf/math/pgfmath.sty
(/usr/local/texlive/2020/texmf-dist/tex/generic/pgf/math/pgfmath.code.tex))
(/usr/local/texlive/2020/texmf-dist/tex/generic/pgf/utilities/pgffor.code.tex
Package: pgffor 2020/01/08 v3.1.5b (3.1.5b)

(/usr/local/texlive/2020/texmf-dist/tex/generic/pgf/math/pgfmath.code.tex)
\pgffor@iter=\dimen294
\pgffor@skip=\dimen295
\pgffor@stack=\toks53
\pgffor@toks=\toks54
))
(/usr/local/texlive/2020/texmf-dist/tex/generic/pgf/frontendlayer/tikz/tikz.cod
e.tex
Package: tikz 2020/01/08 v3.1.5b (3.1.5b)

(/usr/local/texlive/2020/texmf-dist/tex/generic/pgf/libraries/pgflibraryplothan
dlers.code.tex
File: pgflibraryplothandlers.code.tex 2020/01/08 v3.1.5b (3.1.5b)
\pgf@plot@mark@count=\count326
\pgfplotmarksize=\dimen296
)
\tikz@lastx=\dimen297
\tikz@lasty=\dimen298
\tikz@lastxsaved=\dimen299
\tikz@lastysaved=\dimen300
\tikz@lastmovetox=\dimen301
\tikz@lastmovetoy=\dimen302
\tikzleveldistance=\dimen303
\tikzsiblingdistance=\dimen304
\tikz@figbox=\box82
\tikz@figbox@bg=\box83
\tikz@tempbox=\box84
\tikz@tempbox@bg=\box85
\tikztreelevel=\count327
\tikznumberofchildren=\count328
\tikznumberofcurrentchild=\count329
\tikz@fig@count=\count330

(/usr/local/texlive/2020/texmf-dist/tex/generic/pgf/modules/pgfmodulematrix.cod
e.tex
File: pgfmodulematrix.code.tex 2020/01/08 v3.1.5b (3.1.5b)
\pgfmatrixcurrentrow=\count331
\pgfmatrixcurrentcolumn=\count332
\pgf@matrix@numberofcolumns=\count333
)
\tikz@expandcount=\count334

(/usr/local/texlive/2020/texmf-dist/tex/generic/pgf/frontendlayer/tikz/librarie
s/tikzlibrarytopaths.code.tex
File: tikzlibrarytopaths.code.tex 2020/01/08 v3.1.5b (3.1.5b)
)))
\metropolis@titleseparator@linewidth=\skip72
\metropolis@progressonsectionpage=\skip73
\metropolis@progressonsectionpage@linewidth=\skip74
\metropolis@blocksep=\skip75
\metropolis@blockadjust=\skip76
\metropolis@parskip=\skip77
)
(/Users/strow/texmf/tex/latex/mtheme/beamerouterthememetropolis.sty
Package: beamerouterthememetropolis 2017/01/23 Metropolis outer theme
\metropolis@frametitle@padding=\skip78
\metropolis@progressinheadfoot=\skip79
\metropolis@progressinheadfoot@linewidth=\skip80
)
(/Users/strow/texmf/tex/latex/mtheme/beamercolorthememetropolis.sty
Package: beamercolorthememetropolis 2017/01/23 Metropolis color theme
)
(/Users/strow/texmf/tex/latex/mtheme/beamerfontthememetropolis.sty
Package: beamerfontthememetropolis 2017/01/23 Metropolis font theme

(/usr/local/texlive/2020/texmf-dist/tex/generic/iftex/ifxetex.sty
Package: ifxetex 2019/10/25 v0.7 ifxetex legacy package. Use iftex instead.
)
(/usr/local/texlive/2020/texmf-dist/tex/generic/iftex/ifluatex.sty
Package: ifluatex 2019/10/25 v1.5 ifluatex legacy package. Use iftex instead.
)

Package beamerthememetropolis Warning: You need to compile with XeLaTeX or LuaL
aTeX to use the Fira fonts on input line 95.

)))

Package beamerthememetropolis Warning: Be aware that titleformat title=allcaps 
can lead to problems on input line 26.

(/usr/local/texlive/2020/texmf-dist/tex/latex/l3backend/l3backend-pdfmode.def
File: l3backend-pdfmode.def 2020-03-12 L3 backend support: PDF mode
\l__kernel_color_stack_int=\count335
\l__pdf_internal_box=\box86
)
(./chirp_radiance_offset.aux)
\openout1 = `chirp_radiance_offset.aux'.

LaTeX Font Info:    Checking defaults for OML/cmm/m/it on input line 28.
LaTeX Font Info:    ... okay on input line 28.
LaTeX Font Info:    Checking defaults for OMS/cmsy/m/n on input line 28.
LaTeX Font Info:    ... okay on input line 28.
LaTeX Font Info:    Checking defaults for OT1/cmr/m/n on input line 28.
LaTeX Font Info:    ... okay on input line 28.
LaTeX Font Info:    Checking defaults for T1/cmr/m/n on input line 28.
LaTeX Font Info:    ... okay on input line 28.
LaTeX Font Info:    Checking defaults for TS1/cmr/m/n on input line 28.
LaTeX Font Info:    ... okay on input line 28.
LaTeX Font Info:    Checking defaults for OMX/cmex/m/n on input line 28.
LaTeX Font Info:    ... okay on input line 28.
LaTeX Font Info:    Checking defaults for U/cmr/m/n on input line 28.
LaTeX Font Info:    ... okay on input line 28.
LaTeX Font Info:    Checking defaults for PD1/pdf/m/n on input line 28.
LaTeX Font Info:    ... okay on input line 28.
LaTeX Font Info:    Checking defaults for LMR/hlcm/m/n on input line 28.
LaTeX Font Info:    Trying to load font information for LMR+hlcm on input line 
28.

(/Users/strow/.texlive2020/texmf-config/tex/latex/lucidabr/lmrhlcm.fd
File: lmrhlcm.fd 2005/11/28 v4.3 Lucida New Math Arrows (SPQR/DPC/TUG)
)
LaTeX Font Info:    ... okay on input line 28.

*geometry* driver: auto-detecting
*geometry* detected driver: pdftex
*geometry* verbose mode - [ preamble ] result:
* driver: pdftex
* paper: custom
* layout: <same size as paper>
* layoutoffset:(h,v)=(0.0pt,0.0pt)
* modes: includehead includefoot 
* h-part:(L,W,R)=(28.45274pt, 307.28987pt, 28.45274pt)
* v-part:(T,H,B)=(0.0pt, 273.14662pt, 0.0pt)
* \paperwidth=364.19536pt
* \paperheight=273.14662pt
* \textwidth=307.28987pt
* \textheight=244.6939pt
* \oddsidemargin=-43.81725pt
* \evensidemargin=-43.81725pt
* \topmargin=-72.26999pt
* \headheight=14.22636pt
* \headsep=0.0pt
* \topskip=10.0pt
* \footskip=14.22636pt
* \marginparwidth=3.0pt
* \marginparsep=11.0pt
* \columnsep=10.0pt
* \skip\footins=9.0pt plus 4.0pt minus 2.0pt
* \hoffset=0.0pt
* \voffset=0.0pt
* \mag=1000
* \@twocolumnfalse
* \@twosidefalse
* \@mparswitchfalse
* \@reversemarginfalse
* (1in=72.27pt=25.4mm, 1cm=28.453pt)

(/usr/local/texlive/2020/texmf-dist/tex/context/base/mkii/supp-pdf.mkii
[Loading MPS to PDF converter (version 2006.09.02).]
\scratchcounter=\count336
\scratchdimen=\dimen305
\scratchbox=\box87
\nofMPsegments=\count337
\nofMParguments=\count338
\everyMPshowfont=\toks55
\MPscratchCnt=\count339
\MPscratchDim=\dimen306
\MPnumerator=\count340
\makeMPintoPDFobject=\count341
\everyMPtoPDFconversion=\toks56
) (/usr/local/texlive/2020/texmf-dist/tex/latex/epstopdf-pkg/epstopdf-base.sty
Package: epstopdf-base 2020-01-24 v2.11 Base part for package epstopdf
Package epstopdf-base Info: Redefining graphics rule for `.eps' on input line 4
85.

(/usr/local/texlive/2020/texmf-dist/tex/latex/latexconfig/epstopdf-sys.cfg
File: epstopdf-sys.cfg 2010/07/13 v1.3 Configuration of (r)epstopdf for TeX Liv
e
))
ABD: EveryShipout initializing macros
\AtBeginShipoutBox=\box88
Package hyperref Info: Link coloring OFF on input line 28.

(/usr/local/texlive/2020/texmf-dist/tex/latex/hyperref/nameref.sty
Package: nameref 2019/09/16 v2.46 Cross-referencing by name of section

(/usr/local/texlive/2020/texmf-dist/tex/latex/refcount/refcount.sty
Package: refcount 2019/12/15 v3.6 Data extraction from label references (HO)
)
(/usr/local/texlive/2020/texmf-dist/tex/generic/gettitlestring/gettitlestring.s
ty
Package: gettitlestring 2019/12/15 v1.6 Cleanup title references (HO)
)
\c@section@level=\count342
)
LaTeX Info: Redefining \ref on input line 28.
LaTeX Info: Redefining \pageref on input line 28.
LaTeX Info: Redefining \nameref on input line 28.
 (./chirp_radiance_offset.out) (./chirp_radiance_offset.out)
\@outlinefile=\write5
\openout5 = `chirp_radiance_offset.out'.

LaTeX Font Info:    Encoding `T1' has changed to `OT1' for symbol font
(Font)              `operators' in the math version `normal' on input line 28.
LaTeX Font Info:    Overwriting symbol font `operators' in version `normal'
(Font)                  T1/hlh/m/n --> OT1/cmss/m/n on input line 28.
LaTeX Font Info:    Encoding `T1' has changed to `OT1' for symbol font
(Font)              `operators' in the math version `bold' on input line 28.
LaTeX Font Info:    Overwriting symbol font `operators' in version `bold'
(Font)                  T1/hlh/b/n --> OT1/cmss/b/n on input line 28.
\symnumbers=\mathgroup8
\sympureletters=\mathgroup9
LaTeX Font Info:    Overwriting math alphabet `\mathrm' in version `normal'
(Font)                  T1/hlh/m/n --> T1/hlh/m/n on input line 28.
LaTeX Font Info:    Redeclaring math alphabet \mathbf on input line 28.
LaTeX Font Info:    Overwriting math alphabet `\mathbf' in version `normal'
(Font)                  T1/hlh/b/n --> T1/hls/b/n on input line 28.
LaTeX Font Info:    Overwriting math alphabet `\mathbf' in version `bold'
(Font)                  T1/hlh/b/n --> T1/hls/b/n on input line 28.
LaTeX Font Info:    Redeclaring math alphabet \mathsf on input line 28.
LaTeX Font Info:    Overwriting math alphabet `\mathsf' in version `normal'
(Font)                  T1/hls/m/n --> T1/hls/m/n on input line 28.
LaTeX Font Info:    Overwriting math alphabet `\mathsf' in version `bold'
(Font)                  T1/hls/b/n --> T1/hls/m/n on input line 28.
LaTeX Font Info:    Redeclaring math alphabet \mathit on input line 28.
LaTeX Font Info:    Overwriting math alphabet `\mathit' in version `normal'
(Font)                  T1/hlh/m/it --> T1/hls/m/it on input line 28.
LaTeX Font Info:    Overwriting math alphabet `\mathit' in version `bold'
(Font)                  T1/hlh/b/it --> T1/hls/m/it on input line 28.
LaTeX Font Info:    Redeclaring math alphabet \mathtt on input line 28.
LaTeX Font Info:    Overwriting math alphabet `\mathtt' in version `normal'
(Font)                  T1/hlst/m/n --> T1/hlst/m/n on input line 28.
LaTeX Font Info:    Overwriting math alphabet `\mathtt' in version `bold'
(Font)                  T1/hlst/b/n --> T1/hlst/m/n on input line 28.
LaTeX Font Info:    Overwriting symbol font `numbers' in version `bold'
(Font)                  T1/hls/m/n --> T1/hls/b/n on input line 28.
LaTeX Font Info:    Overwriting symbol font `pureletters' in version `bold'
(Font)                  T1/hls/m/it --> T1/hls/b/it on input line 28.
LaTeX Font Info:    Overwriting math alphabet `\mathrm' in version `bold'
(Font)                  T1/hlh/b/n --> T1/hlh/b/n on input line 28.
LaTeX Font Info:    Overwriting math alphabet `\mathbf' in version `bold'
(Font)                  T1/hls/b/n --> T1/hls/b/n on input line 28.
LaTeX Font Info:    Overwriting math alphabet `\mathsf' in version `bold'
(Font)                  T1/hls/m/n --> T1/hls/b/n on input line 28.
LaTeX Font Info:    Overwriting math alphabet `\mathit' in version `bold'
(Font)                  T1/hls/m/it --> T1/hls/b/it on input line 28.
LaTeX Font Info:    Overwriting math alphabet `\mathtt' in version `bold'
(Font)                  T1/hlst/m/n --> T1/hlst/b/n on input line 28.

(/usr/local/texlive/2020/texmf-dist/tex/latex/translator/translator-basic-dicti
onary-English.dict
Dictionary: translator-basic-dictionary, Language: English 
)
(/usr/local/texlive/2020/texmf-dist/tex/latex/translator/translator-bibliograph
y-dictionary-English.dict
Dictionary: translator-bibliography-dictionary, Language: English 
)
(/usr/local/texlive/2020/texmf-dist/tex/latex/translator/translator-environment
-dictionary-English.dict
Dictionary: translator-environment-dictionary, Language: English 
)
(/usr/local/texlive/2020/texmf-dist/tex/latex/translator/translator-months-dict
ionary-English.dict
Dictionary: translator-months-dictionary, Language: English 
)
(/usr/local/texlive/2020/texmf-dist/tex/latex/translator/translator-numbers-dic
tionary-English.dict
Dictionary: translator-numbers-dictionary, Language: English 
)
(/usr/local/texlive/2020/texmf-dist/tex/latex/translator/translator-theorem-dic
tionary-English.dict
Dictionary: translator-theorem-dictionary, Language: English 
)
Package caption Info: Begin \AtBeginDocument code.
Package caption Info: End \AtBeginDocument code.

(/usr/local/texlive/2020/texmf-dist/tex/latex/pdflscape/pdflscape.sty
Package: pdflscape 2019/12/05 v0.12 Display of landscape pages in PDF (HO)

(/usr/local/texlive/2020/texmf-dist/tex/latex/graphics/lscape.sty
Package: lscape 2000/10/22 v3.01 Landscape Pages (DPC)
)
Package pdflscape Info: Auto-detected driver: pdftex on input line 81.
)
(./chirp_radiance_offset.nav)
LaTeX Font Info:    Font shape `T1/hls/m/n' will be
(Font)              scaled to size 5.19997pt on input line 28.
LaTeX Font Info:    Font shape `T1/hls/m/n' will be
(Font)              scaled to size 6.93004pt on input line 28.
LaTeX Font Info:    Font shape `T1/hls/m/n' will be
(Font)              scaled to size 13.24796pt on input line 30.
LaTeX Font Info:    Font shape `T1/hls/b/n' will be
(Font)              scaled to size 13.24796pt on input line 30.
LaTeX Font Info:    Font shape `T1/hls/b/n' will be
(Font)              scaled to size 11.15991pt on input line 30.
LaTeX Font Info:    Font shape `T1/hls/m/n' will be
(Font)              scaled to size 11.15991pt on input line 30.
LaTeX Font Info:    Font shape `T1/hls/m/n' will be
(Font)              scaled to size 7.76001pt on input line 30.
LaTeX Font Info:    Font shape `T1/hls/m/n' will be
(Font)              scaled to size 8.64006pt on input line 30.
LaTeX Font Info:    Trying to load font information for OML+hlcm on input line 
30.

(/Users/strow/.texlive2020/texmf-config/tex/latex/lucidabr/omlhlcm.fd
File: omlhlcm.fd 2005/11/28 v4.3 Lucida New Math Italic (SPQR/DPC/TUG)
)
LaTeX Font Info:    Font shape `OML/hlcm/m/it' will be
(Font)              scaled to size 8.64006pt on input line 30.
LaTeX Font Info:    Font shape `OML/hlcm/m/it' will be
(Font)              scaled to size 6.12003pt on input line 30.
LaTeX Font Info:    Font shape `OML/hlcm/m/it' will be
(Font)              scaled to size 5.19997pt on input line 30.
LaTeX Font Info:    Trying to load font information for OMS+hlcy on input line 
30.

(/Users/strow/.texlive2020/texmf-config/tex/latex/lucidabr/omshlcy.fd
File: omshlcy.fd 2005/11/28 v4.3 Lucida New Math Symbols (SPQR/DPC/TUG)
)
LaTeX Font Info:    Font shape `OMS/hlcy/m/n' will be
(Font)              scaled to size 8.64006pt on input line 30.
LaTeX Font Info:    Font shape `OMS/hlcy/m/n' will be
(Font)              scaled to size 6.12003pt on input line 30.
LaTeX Font Info:    Font shape `OMS/hlcy/m/n' will be
(Font)              scaled to size 5.19997pt on input line 30.
LaTeX Font Info:    Trying to load font information for OMX+hlcv on input line 
30.

(/Users/strow/.texlive2020/texmf-config/tex/latex/lucidabr/omxhlcv.fd
File: omxhlcv.fd 2005/11/28 v4.3 Lucida New Math Extension (SPQR/DPC/TUG)
)
LaTeX Font Info:    Font shape `OMX/hlcv/m/n' will be
(Font)              scaled to size 8.64006pt on input line 30.
LaTeX Font Info:    Font shape `OMX/hlcv/m/n' will be
(Font)              scaled to size 6.12003pt on input line 30.
LaTeX Font Info:    Font shape `OMX/hlcv/m/n' will be
(Font)              scaled to size 5.19997pt on input line 30.
LaTeX Font Info:    Trying to load font information for U+msa on input line 30.


(/usr/local/texlive/2020/texmf-dist/tex/latex/amsfonts/umsa.fd
File: umsa.fd 2013/01/14 v3.01 AMS symbols A
)
LaTeX Font Info:    Trying to load font information for U+msb on input line 30.


(/usr/local/texlive/2020/texmf-dist/tex/latex/amsfonts/umsb.fd
File: umsb.fd 2013/01/14 v3.01 AMS symbols B
)
LaTeX Font Info:    Font shape `OML/hlcm/m/n' will be
(Font)              scaled to size 8.64006pt on input line 30.
LaTeX Font Info:    Font shape `OML/hlcm/m/n' will be
(Font)              scaled to size 6.12003pt on input line 30.
LaTeX Font Info:    Font shape `OML/hlcm/m/n' will be
(Font)              scaled to size 5.19997pt on input line 30.
LaTeX Font Info:    Font shape `LMR/hlcm/m/n' will be
(Font)              scaled to size 8.64006pt on input line 30.
LaTeX Font Info:    Font shape `LMR/hlcm/m/n' will be
(Font)              scaled to size 6.12003pt on input line 30.
LaTeX Font Info:    Font shape `LMR/hlcm/m/n' will be
(Font)              scaled to size 5.19997pt on input line 30.
LaTeX Font Info:    Font shape `T1/hls/m/n' will be
(Font)              scaled to size 6.12003pt on input line 30.
LaTeX Font Info:    Font shape `T1/hls/m/it' will be
(Font)              scaled to size 8.64006pt on input line 30.
LaTeX Font Info:    Font shape `T1/hls/m/it' will be
(Font)              scaled to size 6.12003pt on input line 30.
LaTeX Font Info:    Font shape `T1/hls/m/it' will be
(Font)              scaled to size 5.19997pt on input line 30.
LaTeX Font Info:    Font shape `OML/hlcm/m/it' will be
(Font)              scaled to size 6.93004pt on input line 30.
LaTeX Font Info:    Font shape `OMS/hlcy/m/n' will be
(Font)              scaled to size 6.93004pt on input line 30.
LaTeX Font Info:    Font shape `OMX/hlcv/m/n' will be
(Font)              scaled to size 6.93004pt on input line 30.
LaTeX Font Info:    Font shape `OML/hlcm/m/n' will be
(Font)              scaled to size 6.93004pt on input line 30.
LaTeX Font Info:    Font shape `LMR/hlcm/m/n' will be
(Font)              scaled to size 6.93004pt on input line 30.
LaTeX Font Info:    Font shape `T1/hls/m/it' will be
(Font)              scaled to size 6.93004pt on input line 30.

Overfull \vbox (19.49039pt too high) detected at line 30
 []

[1

{/Users/strow/.texlive2020/texmf-config/fonts/map/pdftex/updmap/pdftex.map}]
LaTeX Font Info:    Trying to load font information for OMS+hls on input line 4
2.
LaTeX Font Info:    No file OMShls.fd. on input line 42.
LaTeX Font Warning: Font shape `OMS/hls/m/n' undefined
(Font)              using `OMS/cmsy/m/n' instead
(Font)              for symbol `textbullet' on input line 42.
LaTeX Font Info:    Font shape `T1/hls/m/n' will be
(Font)              scaled to size 4.15997pt on input line 42.

[2

]
Overfull \vbox (4.97017pt too high) detected at line 61
 []

[3

] [4

] [5

] [6

]

pdfTeX warning: pdflatex (file ./Strow/airs_minus_cris_airs_array_colors.pdf): 
PDF inclusion: found PDF version <1.7>, but at most version <1.5> allowed
<./Strow/airs_minus_cris_airs_array_colors.pdf, id=50, 493.845pt x 394.47375pt>

File: ./Strow/airs_minus_cris_airs_array_colors.pdf Graphic file (type pdf)
<use ./Strow/airs_minus_cris_airs_array_colors.pdf>
Package pdftex.def Info: ./Strow/airs_minus_cris_airs_array_colors.pdf  used on
 input line 127.
(pdftex.def)             Requested size: 215.10196pt x 171.8174pt.
LaTeX Font Info:    Font shape `T1/hls/b/n' will be
(Font)              scaled to size 8.64006pt on input line 127.

Overfull \vbox (1.0086pt too high) detected at line 127
 []

[7

 <./Strow/airs_minus_cris_airs_array_colors.pdf>]

pdfTeX warning: pdflatex (file ./Strow/lls_2018_airs_npp_ac1_stats_bias_wbad_fi
ll_v2.pdf): PDF inclusion: found PDF version <1.7>, but at most version <1.5> a
llowed
<./Strow/lls_2018_airs_npp_ac1_stats_bias_wbad_fill_v2.pdf, id=62, 493.845pt x 
394.47375pt>
File: ./Strow/lls_2018_airs_npp_ac1_stats_bias_wbad_fill_v2.pdf Graphic file (t
ype pdf)
<use ./Strow/lls_2018_airs_npp_ac1_stats_bias_wbad_fill_v2.pdf>
Package pdftex.def Info: ./Strow/lls_2018_airs_npp_ac1_stats_bias_wbad_fill_v2.
pdf  used on input line 139.
(pdftex.def)             Requested size: 215.10196pt x 171.8174pt.

Overfull \vbox (1.0086pt too high) detected at line 139
 []

[8

 <./Strow/lls_2018_airs_npp_ac1_stats_bias_wbad_fill_v2.pdf>]
LaTeX Font Info:    Font shape `T1/hls/b/n' will be
(Font)              scaled to size 9.49997pt on input line 152.
<./Figs/2018d060_2019d059_ac1_ac2_sno_mean_bias.pdf, id=73, 506.89375pt x 389.4
55pt>
File: ./Figs/2018d060_2019d059_ac1_ac2_sno_mean_bias.pdf Graphic file (type pdf
)
<use ./Figs/2018d060_2019d059_ac1_ac2_sno_mean_bias.pdf>
Package pdftex.def Info: ./Figs/2018d060_2019d059_ac1_ac2_sno_mean_bias.pdf  us
ed on input line 152.
(pdftex.def)             Requested size: 184.3758pt x 141.65367pt.
 [9

 <./Figs/2018d060_2019d059_ac1_ac2_sno_mean_bias.pdf>]

pdfTeX warning: pdflatex (file ./Figs/2018d060_2019d059_airs_npp_ac1_bias_stats
_sno_v2.pdf): PDF inclusion: found PDF version <1.7>, but at most version <1.5>
 allowed
<./Figs/2018d060_2019d059_airs_npp_ac1_bias_stats_sno_v2.pdf, id=84, 493.845pt 
x 394.47375pt>
File: ./Figs/2018d060_2019d059_airs_npp_ac1_bias_stats_sno_v2.pdf Graphic file 
(type pdf)
<use ./Figs/2018d060_2019d059_airs_npp_ac1_bias_stats_sno_v2.pdf>
Package pdftex.def Info: ./Figs/2018d060_2019d059_airs_npp_ac1_bias_stats_sno_v
2.pdf  used on input line 162.
(pdftex.def)             Requested size: 199.73653pt x 159.5443pt.
./chirp_radiance_offset.tex:162: Missing $ inserted.
<inserted text> 
                $
l.162 \end{frame}
                 
I've inserted a begin-math/end-math symbol since I think
you left one out. Proceed, with fingers crossed.

./chirp_radiance_offset.tex:162: Missing $ inserted.
<inserted text> 
                $
l.162 \end{frame}
                 
I've inserted a begin-math/end-math symbol since I think
you left one out. Proceed, with fingers crossed.

./chirp_radiance_offset.tex:162: Missing $ inserted.
<inserted text> 
                $
l.162 \end{frame}
                 
I've inserted a begin-math/end-math symbol since I think
you left one out. Proceed, with fingers crossed.

./chirp_radiance_offset.tex:162: Missing $ inserted.
<inserted text> 
                $
l.162 \end{frame}
                 
I've inserted a begin-math/end-math symbol since I think
you left one out. Proceed, with fingers crossed.

[10

 <./Figs/2018d060_2019d059_airs_npp_ac1_bias_stats_sno_v2.pdf>]

pdfTeX warning: pdflatex (file ./Figs/2018_jn_ic1_ic2_stats_sno_bias_v2.pdf): P
DF inclusion: found PDF version <1.7>, but at most version <1.5> allowed
<./Figs/2018_jn_ic1_ic2_stats_sno_bias_v2.pdf, id=98, 505.89pt x 399.4925pt>
File: ./Figs/2018_jn_ic1_ic2_stats_sno_bias_v2.pdf Graphic file (type pdf)
<use ./Figs/2018_jn_ic1_ic2_stats_sno_bias_v2.pdf>
Package pdftex.def Info: ./Figs/2018_jn_ic1_ic2_stats_sno_bias_v2.pdf  used on 
input line 173.
(pdftex.def)             Requested size: 215.10196pt x 169.86435pt.
[11

 <./Figs/2018_jn_ic1_ic2_stats_sno_bias_v2.pdf>]
<./Figs/plot1.png, id=109, 564.1075pt x 426.59375pt>
File: ./Figs/plot1.png Graphic file (type png)
<use ./Figs/plot1.png>
Package pdftex.def Info: ./Figs/plot1.png  used on input line 184.
(pdftex.def)             Requested size: 184.3758pt x 139.42894pt.
 [12

 <./Figs/plot1.png>]
[13

]
\tf@nav=\write6
\openout6 = `chirp_radiance_offset.nav'.

\tf@toc=\write7
\openout7 = `chirp_radiance_offset.toc'.

\tf@snm=\write8
\openout8 = `chirp_radiance_offset.snm'.

Package atveryend Info: Empty hook `BeforeClearDocument' on input line 230.
Package atveryend Info: Empty hook `AfterLastShipout' on input line 230.
 (./chirp_radiance_offset.aux)
Package atveryend Info: Executing hook `AtVeryEndDocument' on input line 230.
Package atveryend Info: Executing hook `AtEndAfterFileList' on input line 230.
Package rerunfilecheck Info: File `chirp_radiance_offset.out' has not changed.
(rerunfilecheck)             Checksum: D41D8CD98F00B204E9800998ECF8427E;0.
LaTeX Font Warning: Some font shapes were not available, defaults substituted.
 ) 
Here is how much of TeX's memory you used:
 24526 strings out of 480608
 484711 string characters out of 5903631
 731968 words of memory out of 5000000
 39761 multiletter control sequences out of 15000+600000
 556473 words of font info for 85 fonts, out of 8000000 for 9000
 1141 hyphenation exceptions out of 8191
 72i,13n,95p,1884b,574s stack positions out of 5000i,500n,10000p,200000b,80000s
{/usr/local/texlive/2020/texmf-dist/fonts/enc/dvips/base/8r.enc}</usr/local/t
exlive/2020/texmf-dist/fonts/type1/public/amsfonts/cm/cmsy10.pfb></usr/local/te
xlive/2020/texmf-dist/fonts/type1/public/amsfonts/cm/cmsy9.pfb></Users/strow/.t
exlive2020/texmf-config/fonts/type1/bh/lucida/lbmo.pfb></Users/strow/.texlive20
20/texmf-config/fonts/type1/bh/lucida/lbms.pfb></Users/strow/.texlive2020/texmf
-config/fonts/type1/bh/lucida/lsd.pfb></Users/strow/.texlive2020/texmf-config/f
onts/type1/bh/lucida/lsi.pfb></Users/strow/.texlive2020/texmf-config/fonts/type
1/bh/lucida/lsr.pfb>
Output written on chirp_radiance_offset.pdf (13 pages, 407382 bytes).
PDF statistics:
 156 PDF objects out of 1000 (max. 8388607)
 113 compressed objects within 2 object streams
 27 named destinations out of 1000 (max. 500000)
 79 words of extra memory for PDF output out of 10000 (max. 10000000)

